# JRE version: Java(TM) SE Runtime Environment (8.0_20-b26) (build 1.8.0_20-b26)
# Java VM: Java HotSpot(TM) 64-Bit Server VM (25.20-b23 mixed mode bsd-amd64 compressed oops)
Heap:
 PSYoungGen      total 232960K, used 116736K [0x00000007aab00000, 0x00000007c0000000, 0x00000007c0000000)
  eden space 116736K, 100% used [0x00000007aab00000,0x00000007b1d00000,0x00000007b1d00000)
  from space 116224K, 0% used [0x00000007b1d00000,0x00000007b1d00000,0x00000007b8e80000)
  to   space 116224K, 0% used [0x00000007b8e80000,0x00000007b8e80000,0x00000007c0000000)
 ParOldGen       total 699392K, used 681406K [0x0000000780000000, 0x00000007aab00000, 0x00000007aab00000)
  object space 699392K, 97% used [0x0000000780000000,0x00000007a996fbf8,0x00000007aab00000)
 Metaspace       used 6315K, capacity 7216K, committed 7296K, reserved 1056768K
  class space    used 592K, capacity 616K, committed 640K, reserved 1048576K
GC Heap History (10 events):
Event: 46.500 GC heap after
Heap after GC invocations=40 (full 4):
 PSYoungGen      total 232960K, used 69089K [0x00000007aab00000, 0x00000007c0000000, 0x00000007c0000000)
  eden space 116736K, 0% used [0x00000007aab00000,0x00000007aab00000,0x00000007b1d00000)
  from space 116224K, 59% used [0x00000007b8e80000,0x00000007bd1f8418,0x00000007c0000000)
  to   space 116224K, 0% used [0x00000007b1d00000,0x00000007b1d00000,0x00000007b8e80000)
 ParOldGen       total 686592K, used 598245K [0x0000000780000000, 0x00000007a9e80000, 0x00000007aab00000)
  object space 686592K, 87% used [0x0000000780000000,0x00000007a4839400,0x00000007a9e80000)
 Metaspace       used 6315K, capacity 7216K, committed 7296K, reserved 1056768K
  class space    used 592K, capacity 616K, committed 640K, reserved 1048576K
}
Event: 47.027 GC heap before
{Heap before GC invocations=41 (full 4):
 PSYoungGen      total 232960K, used 185825K [0x00000007aab00000, 0x00000007c0000000, 0x00000007c0000000)
  eden space 116736K, 100% used [0x00000007aab00000,0x00000007b1d00000,0x00000007b1d00000)
  from space 116224K, 59% used [0x00000007b8e80000,0x00000007bd1f8418,0x00000007c0000000)
  to   space 116224K, 0% used [0x00000007b1d00000,0x00000007b1d00000,0x00000007b8e80000)
 ParOldGen       total 686592K, used 598245K [0x0000000780000000, 0x00000007a9e80000, 0x00000007aab00000)
  object space 686592K, 87% used [0x0000000780000000,0x00000007a4839400,0x00000007a9e80000)
 Metaspace       used 6315K, capacity 7216K, committed 7296K, reserved 1056768K
  class space    used 592K, capacity 616K, committed 640K, reserved 1048576K
Event: 47.221 GC heap after
Heap after GC invocations=41 (full 4):
 PSYoungGen      total 232960K, used 37135K [0x00000007aab00000, 0x00000007c0000000, 0x00000007c0000000)
  eden space 116736K, 0% used [0x00000007aab00000,0x00000007aab00000,0x00000007b1d00000)
  from space 116224K, 31% used [0x00000007b1d00000,0x00000007b4143dc8,0x00000007b8e80000)
  to   space 116224K, 0% used [0x00000007b8e80000,0x00000007b8e80000,0x00000007c0000000)
 ParOldGen       total 686592K, used 639143K [0x0000000780000000, 0x00000007a9e80000, 0x00000007aab00000)
  object space 686592K, 93% used [0x0000000780000000,0x00000007a7029ea0,0x00000007a9e80000)
 Metaspace       used 6315K, capacity 7216K, committed 7296K, reserved 1056768K
  class space    used 592K, capacity 616K, committed 640K, reserved 1048576K
}
Event: 47.221 GC heap before
{Heap before GC invocations=42 (full 5):
 PSYoungGen      total 232960K, used 37135K [0x00000007aab00000, 0x00000007c0000000, 0x00000007c0000000)
  eden space 116736K, 0% used [0x00000007aab00000,0x00000007aab00000,0x00000007b1d00000)
  from space 116224K, 31% used [0x00000007b1d00000,0x00000007b4143dc8,0x00000007b8e80000)
  to   space 116224K, 0% used [0x00000007b8e80000,0x00000007b8e80000,0x00000007c0000000)
 ParOldGen       total 686592K, used 639143K [0x0000000780000000, 0x00000007a9e80000, 0x00000007aab00000)
  object space 686592K, 93% used [0x0000000780000000,0x00000007a7029ea0,0x00000007a9e80000)
 Metaspace       used 6315K, capacity 7216K, committed 7296K, reserved 1056768K
  class space    used 592K, capacity 616K, committed 640K, reserved 1048576K
Event: 50.141 GC heap after
Heap after GC invocations=42 (full 5):
 PSYoungGen      total 232960K, used 0K [0x00000007aab00000, 0x00000007c0000000, 0x00000007c0000000)
  eden space 116736K, 0% used [0x00000007aab00000,0x00000007aab00000,0x00000007b1d00000)
  from space 116224K, 0% used [0x00000007b1d00000,0x00000007b1d00000,0x00000007b8e80000)
  to   space 116224K, 0% used [0x00000007b8e80000,0x00000007b8e80000,0x00000007c0000000)
 ParOldGen       total 699392K, used 671092K [0x0000000780000000, 0x00000007aab00000, 0x00000007aab00000)
  object space 699392K, 95% used [0x0000000780000000,0x00000007a8f5d228,0x00000007aab00000)
 Metaspace       used 6315K, capacity 7216K, committed 7296K, reserved 1056768K
  class space    used 592K, capacity 616K, committed 640K, reserved 1048576K
}
Event: 50.536 GC heap before
{Heap before GC invocations=43 (full 6):
 PSYoungGen      total 232960K, used 116736K [0x00000007aab00000, 0x00000007c0000000, 0x00000007c0000000)
  eden space 116736K, 100% used [0x00000007aab00000,0x00000007b1d00000,0x00000007b1d00000)
  from space 116224K, 0% used [0x00000007b1d00000,0x00000007b1d00000,0x00000007b8e80000)
  to   space 116224K, 0% used [0x00000007b8e80000,0x00000007b8e80000,0x00000007c0000000)
 ParOldGen       total 699392K, used 671092K [0x0000000780000000, 0x00000007aab00000, 0x00000007aab00000)
  object space 699392K, 95% used [0x0000000780000000,0x00000007a8f5d228,0x00000007aab00000)
 Metaspace       used 6315K, capacity 7216K, committed 7296K, reserved 1056768K
  class space    used 592K, capacity 616K, committed 640K, reserved 1048576K
Event: 52.411 GC heap after
Heap after GC invocations=43 (full 6):
 PSYoungGen      total 232960K, used 0K [0x00000007aab00000, 0x00000007c0000000, 0x00000007c0000000)
  eden space 116736K, 0% used [0x00000007aab00000,0x00000007aab00000,0x00000007b1d00000)
  from space 116224K, 0% used [0x00000007b1d00000,0x00000007b1d00000,0x00000007b8e80000)
  to   space 116224K, 0% used [0x00000007b8e80000,0x00000007b8e80000,0x00000007c0000000)
 ParOldGen       total 699392K, used 673968K [0x0000000780000000, 0x00000007aab00000, 0x00000007aab00000)
  object space 699392K, 96% used [0x0000000780000000,0x00000007a922c3d0,0x00000007aab00000)
 Metaspace       used 6315K, capacity 7216K, committed 7296K, reserved 1056768K
  class space    used 592K, capacity 616K, committed 640K, reserved 1048576K
}
Event: 52.966 GC heap before
{Heap before GC invocations=44 (full 7):
 PSYoungGen      total 232960K, used 116736K [0x00000007aab00000, 0x00000007c0000000, 0x00000007c0000000)
  eden space 116736K, 100% used [0x00000007aab00000,0x00000007b1d00000,0x00000007b1d00000)
  from space 116224K, 0% used [0x00000007b1d00000,0x00000007b1d00000,0x00000007b8e80000)
  to   space 116224K, 0% used [0x00000007b8e80000,0x00000007b8e80000,0x00000007c0000000)
 ParOldGen       total 699392K, used 673968K [0x0000000780000000, 0x00000007aab00000, 0x00000007aab00000)
  object space 699392K, 96% used [0x0000000780000000,0x00000007a922c3d0,0x00000007aab00000)
 Metaspace       used 6315K, capacity 7216K, committed 7296K, reserved 1056768K
  class space    used 592K, capacity 616K, committed 640K, reserved 1048576K
Event: 57.214 GC heap after
Heap after GC invocations=44 (full 7):
 PSYoungGen      total 232960K, used 0K [0x00000007aab00000, 0x00000007c0000000, 0x00000007c0000000)
  eden space 116736K, 0% used [0x00000007aab00000,0x00000007aab00000,0x00000007b1d00000)
  from space 116224K, 0% used [0x00000007b1d00000,0x00000007b1d00000,0x00000007b8e80000)
  to   space 116224K, 0% used [0x00000007b8e80000,0x00000007b8e80000,0x00000007c0000000)
 ParOldGen       total 699392K, used 681406K [0x0000000780000000, 0x00000007aab00000, 0x00000007aab00000)
  object space 699392K, 97% used [0x0000000780000000,0x00000007a996fbf8,0x00000007aab00000)
 Metaspace       used 6315K, capacity 7216K, committed 7296K, reserved 1056768K
  class space    used 592K, capacity 616K, committed 640K, reserved 1048576K
}
Event: 57.631 GC heap before
{Heap before GC invocations=45 (full 8):
 PSYoungGen      total 232960K, used 116736K [0x00000007aab00000, 0x00000007c0000000, 0x00000007c0000000)
  eden space 116736K, 100% used [0x00000007aab00000,0x00000007b1d00000,0x00000007b1d00000)
  from space 116224K, 0% used [0x00000007b1d00000,0x00000007b1d00000,0x00000007b8e80000)
  to   space 116224K, 0% used [0x00000007b8e80000,0x00000007b8e80000,0x00000007c0000000)
 ParOldGen       total 699392K, used 681406K [0x0000000780000000, 0x00000007aab00000, 0x00000007aab00000)
  object space 699392K, 97% used [0x0000000780000000,0x00000007a996fbf8,0x00000007aab00000)
 Metaspace       used 6315K, capacity 7216K, committed 7296K, reserved 1056768K
  class space    used 592K, capacity 616K, committed 640K, reserved 1048576K

